<?xml version="1.0" encoding="UTF-8"?>
<!-- Generated by org.testng.reporters.JUnitXMLReporter -->
<testsuite hostname="ISDEVQA2" name="PAS for PUP Iteration 01" tests="12" failures="0" timestamp="1 Aug 2013 00:14:15 GMT" time="39.433" errors="0">
  <testcase name="initialization" time="26.329" classname="kwi.zakir.PUP.Iteration01"/>
  <testcase name="StartQuote_WithAgency" time="1.08" classname="kwi.zakir.PUP.Iteration01"/>
  <testcase name="CustomerInformation" time="3.712" classname="kwi.zakir.PUP.Iteration01"/>
  <testcase name="InsuranceProduct" time="1.143" classname="kwi.zakir.PUP.Iteration01"/>
  <testcase name="GeneralAcceptabilityQuestions" time="3.413" classname="kwi.zakir.PUP.Iteration01"/>
  <testcase name="CNI_Auto_Policy" time="2.27" classname="kwi.zakir.PUP.Iteration01"/>
  <testcase name="HouseholdMember" time="1.44" classname="kwi.zakir.PUP.Iteration01"/>
  <testcase name="Properties" time="0.0" classname="kwi.zakir.PUP.Iteration01"/>
  <testcase name="NonCNIVehicle" time="0.0" classname="kwi.zakir.PUP.Iteration01"/>
  <testcase name="Watercraft" time="0.0" classname="kwi.zakir.PUP.Iteration01"/>
  <testcase name="RecreationalVehicle" time="0.0" classname="kwi.zakir.PUP.Iteration01"/>
  <testcase name="CoveragePremium" time="0.0" classname="kwi.zakir.PUP.Iteration01"/>
</testsuite> <!-- PAS for PUP Iteration 01 -->
