<?xml version="1.0" encoding="UTF-8"?>
<!-- Generated by org.testng.reporters.JUnitXMLReporter -->
<testsuite hostname="ISDEVQA2" name="HO NB Policy" tests="13" failures="0" timestamp="12 Jul 2013 17:56:45 GMT" time="27.644" errors="0">
  <testcase name="initialization" time="12.911" classname="kwi.zakir.HO.AZ_HomeOwner"/>
  <testcase name="StartQuote_WithAgency" time="0.808" classname="kwi.zakir.HO.AZ_HomeOwner"/>
  <testcase name="General_PrimaryResidence_Information" time="1.052" classname="kwi.zakir.HO.AZ_HomeOwner"/>
  <testcase name="Insured_Information" time="1.885" classname="kwi.zakir.HO.AZ_HomeOwner"/>
  <testcase name="property_Information" time="1.821" classname="kwi.zakir.HO.AZ_HomeOwner"/>
  <testcase name="Coverage_Information" time="2.086" classname="kwi.zakir.HO.AZ_HomeOwner"/>
  <testcase name="CoverageAndRates" time="3.719" classname="kwi.zakir.HO.AZ_HomeOwner"/>
  <testcase name="Additional_Eligibility_Questions" time="1.542" classname="kwi.zakir.HO.AZ_HomeOwner"/>
  <testcase name="Revalidation_Insured_Information" time="1.389" classname="kwi.zakir.HO.AZ_HomeOwner"/>
  <testcase name="Add_Mortgage" time="0.349" classname="kwi.zakir.HO.AZ_HomeOwner"/>
  <testcase name="AdditionalInsured" time="0.001" classname="kwi.zakir.HO.AZ_HomeOwner"/>
  <testcase name="QuoteSummary" time="0.0" classname="kwi.zakir.HO.AZ_HomeOwner"/>
  <testcase name="IssuePolicy" time="0.0" classname="kwi.zakir.HO.AZ_HomeOwner"/>
</testsuite> <!-- HO NB Policy -->
