<?xml version="1.0" encoding="UTF-8"?>
<testng-results skipped="0" failed="0" total="1" passed="1">
  <reporter-output>
  </reporter-output>
  <suite name="Default suite" duration-ms="4504" started-at="2013-07-31T23:38:02Z" finished-at="2013-07-31T23:38:07Z">
    <groups>
    </groups>
    <test name="Default test" duration-ms="4504" started-at="2013-07-31T23:38:02Z" finished-at="2013-07-31T23:38:07Z">
      <class name="com.zakir.java.TestTESTNG">
        <test-method status="PASS" signature="f()[pri:0, instance:com.zakir.java.TestTESTNG@13ed9bc5]" name="f" duration-ms="4490" started-at="2013-07-31T16:38:02Z" finished-at="2013-07-31T16:38:07Z">
          <reporter-output>
          </reporter-output>
        </test-method> <!-- f -->
      </class> <!-- com.zakir.java.TestTESTNG -->
    </test> <!-- Default test -->
  </suite> <!-- Default suite -->
</testng-results>
