<?xml version="1.0" encoding="UTF-8"?>
<testng-results skipped="0" failed="0" total="14" passed="14">
  <reporter-output>
  </reporter-output>
  <suite name="Default suite" duration-ms="57338" started-at="2013-11-22T20:33:33Z" finished-at="2013-11-22T20:34:30Z">
    <groups>
    </groups>
    <test name="Default test" duration-ms="57338" started-at="2013-11-22T20:33:33Z" finished-at="2013-11-22T20:34:30Z">
      <class name="kwi.zakir.PUP.Main_SmokeTest">
        <test-method status="PASS" signature="initialization()[pri:0, instance:kwi.zakir.PUP.Main_SmokeTest@18aa83ee]" name="initialization" is-config="true" duration-ms="36" started-at="2013-11-22T12:33:33Z" finished-at="2013-11-22T12:33:33Z">
          <reporter-output>
          </reporter-output>
        </test-method> <!-- initialization -->
        <test-method status="PASS" signature="Login(java.lang.String, java.lang.String)[pri:0, instance:kwi.zakir.PUP.Main_SmokeTest@18aa83ee]" name="Login" duration-ms="8184" started-at="2013-11-22T12:33:33Z" finished-at="2013-11-22T12:33:41Z">
          <params>
            <param index="0">
              <value>
                <![CDATA[CR]]>
              </value>
            </param>
            <param index="1">
              <value>
                <![CDATA[http://pasqa/pup]]>
              </value>
            </param>
          </params>
          <reporter-output>
          </reporter-output>
        </test-method> <!-- Login -->
        <test-method status="PASS" signature="StartQuote_WithAgency(boolean)[pri:0, instance:kwi.zakir.PUP.Main_SmokeTest@18aa83ee]" name="StartQuote_WithAgency" duration-ms="836" started-at="2013-11-22T12:33:41Z" depends-on-methods="kwi.zakir.PUP.Main_SmokeTest.Login" finished-at="2013-11-22T12:33:42Z">
          <params>
            <param index="0">
              <value>
                <![CDATA[true]]>
              </value>
            </param>
          </params>
          <reporter-output>
          </reporter-output>
        </test-method> <!-- StartQuote_WithAgency -->
        <test-method status="PASS" signature="CustomerInformation(boolean)[pri:0, instance:kwi.zakir.PUP.Main_SmokeTest@18aa83ee]" name="CustomerInformation" duration-ms="4560" started-at="2013-11-22T12:33:42Z" depends-on-methods="kwi.zakir.PUP.Main_SmokeTest.StartQuote_WithAgency" finished-at="2013-11-22T12:33:47Z">
          <params>
            <param index="0">
              <value>
                <![CDATA[true]]>
              </value>
            </param>
          </params>
          <reporter-output>
          </reporter-output>
        </test-method> <!-- CustomerInformation -->
        <test-method status="PASS" signature="InsuranceProduct(boolean, int)[pri:0, instance:kwi.zakir.PUP.Main_SmokeTest@18aa83ee]" name="InsuranceProduct" duration-ms="3885" started-at="2013-11-22T12:33:47Z" depends-on-methods="kwi.zakir.PUP.Main_SmokeTest.CustomerInformation" finished-at="2013-11-22T12:33:51Z">
          <params>
            <param index="0">
              <value>
                <![CDATA[true]]>
              </value>
            </param>
            <param index="1">
              <value>
                <![CDATA[7]]>
              </value>
            </param>
          </params>
          <reporter-output>
          </reporter-output>
        </test-method> <!-- InsuranceProduct -->
        <test-method status="PASS" signature="GeneralAcceptabilityQuestions(boolean)[pri:0, instance:kwi.zakir.PUP.Main_SmokeTest@18aa83ee]" name="GeneralAcceptabilityQuestions" duration-ms="2681" started-at="2013-11-22T12:33:51Z" depends-on-methods="kwi.zakir.PUP.Main_SmokeTest.InsuranceProduct" finished-at="2013-11-22T12:33:53Z">
          <params>
            <param index="0">
              <value>
                <![CDATA[true]]>
              </value>
            </param>
          </params>
          <reporter-output>
          </reporter-output>
        </test-method> <!-- GeneralAcceptabilityQuestions -->
        <test-method status="PASS" signature="CNI_Auto_Policy(boolean, int)[pri:0, instance:kwi.zakir.PUP.Main_SmokeTest@18aa83ee]" name="CNI_Auto_Policy" duration-ms="7472" started-at="2013-11-22T12:33:53Z" depends-on-methods="kwi.zakir.PUP.Main_SmokeTest.GeneralAcceptabilityQuestions" finished-at="2013-11-22T12:34:01Z">
          <params>
            <param index="0">
              <value>
                <![CDATA[true]]>
              </value>
            </param>
            <param index="1">
              <value>
                <![CDATA[-7]]>
              </value>
            </param>
          </params>
          <reporter-output>
          </reporter-output>
        </test-method> <!-- CNI_Auto_Policy -->
        <test-method status="PASS" signature="HouseholdMember(boolean)[pri:0, instance:kwi.zakir.PUP.Main_SmokeTest@18aa83ee]" name="HouseholdMember" duration-ms="2001" started-at="2013-11-22T12:34:01Z" depends-on-methods="kwi.zakir.PUP.Main_SmokeTest.CNI_Auto_Policy" finished-at="2013-11-22T12:34:03Z">
          <params>
            <param index="0">
              <value>
                <![CDATA[true]]>
              </value>
            </param>
          </params>
          <reporter-output>
          </reporter-output>
        </test-method> <!-- HouseholdMember -->
        <test-method status="PASS" signature="Properties(boolean, int)[pri:0, instance:kwi.zakir.PUP.Main_SmokeTest@18aa83ee]" name="Properties" duration-ms="2363" started-at="2013-11-22T12:34:03Z" depends-on-methods="kwi.zakir.PUP.Main_SmokeTest.HouseholdMember" finished-at="2013-11-22T12:34:05Z">
          <params>
            <param index="0">
              <value>
                <![CDATA[true]]>
              </value>
            </param>
            <param index="1">
              <value>
                <![CDATA[-7]]>
              </value>
            </param>
          </params>
          <reporter-output>
          </reporter-output>
        </test-method> <!-- Properties -->
        <test-method status="PASS" signature="NonCNIVehicle(boolean)[pri:0, instance:kwi.zakir.PUP.Main_SmokeTest@18aa83ee]" name="NonCNIVehicle" duration-ms="373" started-at="2013-11-22T12:34:05Z" depends-on-methods="kwi.zakir.PUP.Main_SmokeTest.Properties" finished-at="2013-11-22T12:34:05Z">
          <params>
            <param index="0">
              <value>
                <![CDATA[true]]>
              </value>
            </param>
          </params>
          <reporter-output>
          </reporter-output>
        </test-method> <!-- NonCNIVehicle -->
        <test-method status="PASS" signature="Watercraft(boolean)[pri:0, instance:kwi.zakir.PUP.Main_SmokeTest@18aa83ee]" name="Watercraft" duration-ms="378" started-at="2013-11-22T12:34:05Z" depends-on-methods="kwi.zakir.PUP.Main_SmokeTest.NonCNIVehicle" finished-at="2013-11-22T12:34:06Z">
          <params>
            <param index="0">
              <value>
                <![CDATA[true]]>
              </value>
            </param>
          </params>
          <reporter-output>
          </reporter-output>
        </test-method> <!-- Watercraft -->
        <test-method status="PASS" signature="RecreationalVehicle(boolean)[pri:0, instance:kwi.zakir.PUP.Main_SmokeTest@18aa83ee]" name="RecreationalVehicle" duration-ms="385" started-at="2013-11-22T12:34:06Z" depends-on-methods="kwi.zakir.PUP.Main_SmokeTest.Watercraft" finished-at="2013-11-22T12:34:06Z">
          <params>
            <param index="0">
              <value>
                <![CDATA[true]]>
              </value>
            </param>
          </params>
          <reporter-output>
          </reporter-output>
        </test-method> <!-- RecreationalVehicle -->
        <test-method status="PASS" signature="CoveragePremium(boolean)[pri:0, instance:kwi.zakir.PUP.Main_SmokeTest@18aa83ee]" name="CoveragePremium" duration-ms="4700" started-at="2013-11-22T12:34:06Z" depends-on-methods="kwi.zakir.PUP.Main_SmokeTest.RecreationalVehicle" finished-at="2013-11-22T12:34:11Z">
          <params>
            <param index="0">
              <value>
                <![CDATA[true]]>
              </value>
            </param>
          </params>
          <reporter-output>
          </reporter-output>
        </test-method> <!-- CoveragePremium -->
        <test-method status="PASS" signature="NameInsured(boolean)[pri:0, instance:kwi.zakir.PUP.Main_SmokeTest@18aa83ee]" name="NameInsured" duration-ms="945" started-at="2013-11-22T12:34:11Z" depends-on-methods="kwi.zakir.PUP.Main_SmokeTest.CoveragePremium" finished-at="2013-11-22T12:34:12Z">
          <params>
            <param index="0">
              <value>
                <![CDATA[true]]>
              </value>
            </param>
          </params>
          <reporter-output>
          </reporter-output>
        </test-method> <!-- NameInsured -->
        <test-method status="PASS" signature="PaymentMethod(boolean)[pri:0, instance:kwi.zakir.PUP.Main_SmokeTest@18aa83ee]" name="PaymentMethod" duration-ms="15316" started-at="2013-11-22T12:34:12Z" depends-on-methods="kwi.zakir.PUP.Main_SmokeTest.NameInsured" finished-at="2013-11-22T12:34:27Z">
          <params>
            <param index="0">
              <value>
                <![CDATA[true]]>
              </value>
            </param>
          </params>
          <reporter-output>
          </reporter-output>
        </test-method> <!-- PaymentMethod -->
        <test-method status="PASS" signature="cleanup(java.lang.String)[pri:0, instance:kwi.zakir.PUP.Main_SmokeTest@18aa83ee]" name="cleanup" is-config="true" duration-ms="3117" started-at="2013-11-22T12:34:27Z" finished-at="2013-11-22T12:34:30Z">
          <params>
            <param index="0">
              <value>
                <![CDATA[IE]]>
              </value>
            </param>
          </params>
          <reporter-output>
          </reporter-output>
        </test-method> <!-- cleanup -->
      </class> <!-- kwi.zakir.PUP.Main_SmokeTest -->
    </test> <!-- Default test -->
  </suite> <!-- Default suite -->
</testng-results>
