<?xml version="1.0" encoding="UTF-8"?>
<!-- Generated by org.testng.reporters.JUnitXMLReporter -->
<testsuite hostname="ISDEVQA2" name="Default test" tests="14" failures="0" timestamp="9 Nov 2013 00:26:55 GMT" time="34.165" errors="0">
  <testcase name="Login" time="5.019" classname="kwi.zakir.PUP.Main"/>
  <testcase name="StartQuote_WithAgency" time="0.685" classname="kwi.zakir.PUP.Main"/>
  <testcase name="CustomerInformation" time="2.659" classname="kwi.zakir.PUP.Main"/>
  <testcase name="InsuranceProduct" time="1.206" classname="kwi.zakir.PUP.Main"/>
  <testcase name="GeneralAcceptabilityQuestions" time="1.851" classname="kwi.zakir.PUP.Main"/>
  <testcase name="CNI_Auto_Policy" time="2.064" classname="kwi.zakir.PUP.Main"/>
  <testcase name="HouseholdMember" time="1.583" classname="kwi.zakir.PUP.Main"/>
  <testcase name="Properties" time="2.084" classname="kwi.zakir.PUP.Main"/>
  <testcase name="NonCNIVehicle" time="0.349" classname="kwi.zakir.PUP.Main"/>
  <testcase name="Watercraft" time="0.374" classname="kwi.zakir.PUP.Main"/>
  <testcase name="RecreationalVehicle" time="0.369" classname="kwi.zakir.PUP.Main"/>
  <testcase name="CoveragePremium" time="3.469" classname="kwi.zakir.PUP.Main"/>
  <testcase name="NameInsured" time="0.933" classname="kwi.zakir.PUP.Main"/>
  <testcase name="PaymentMethod" time="8.402" classname="kwi.zakir.PUP.Main"/>
</testsuite> <!-- Default test -->
